<?xml version="1.0" encoding="UTF-8"?>
<testsuite name="com.tankpilot.android.auto.mapper.CarStationRowMapperTest" tests="6" skipped="0" failures="0" errors="0" timestamp="2026-07-14T18:27:31" hostname="Mattys-MacBook-Air-5.local" time="0.01">
  <properties/>
  <testcase name="missingPriceRendersAsUnavailableNotBlankOrZero" classname="com.tankpilot.android.auto.mapper.CarStationRowMapperTest" time="0.003"/>
  <testcase name="categoryLabelPrioritizesBestOverall" classname="com.tankpilot.android.auto.mapper.CarStationRowMapperTest" time="0.003"/>
  <testcase name="validStationCoordinateEnablesNavigation" classname="com.tankpilot.android.auto.mapper.CarStationRowMapperTest" time="0.0"/>
  <testcase name="selectDisplayedRecommendationsDedupesWhenOneStationWinsEveryCategory" classname="com.tankpilot.android.auto.mapper.CarStationRowMapperTest" time="0.001"/>
  <testcase name="priceLineAlwaysCarriesAFreshnessLabelWhenPriceIsPresent" classname="com.tankpilot.android.auto.mapper.CarStationRowMapperTest" time="0.003"/>
  <testcase name="invalidStationCoordinateRemovesNavigationAction" classname="com.tankpilot.android.auto.mapper.CarStationRowMapperTest" time="0.0"/>
  <system-out><![CDATA[]]></system-out>
  <system-err><![CDATA[]]></system-err>
</testsuite>
