<?xml version="1.0" encoding="UTF-8"?>
<testsuite name="com.tankpilot.android.auto.mapper.CarFuelStatusRowMapperTest" tests="6" skipped="0" failures="0" errors="0" timestamp="2026-07-14T19:10:46" hostname="Mattys-MacBook-Air-5.local" time="0.005">
  <properties/>
  <testcase name="rootScreenStaysWithinSupportedRowCount" classname="com.tankpilot.android.auto.mapper.CarFuelStatusRowMapperTest" time="0.002"/>
  <testcase name="missingReachableStationCountDoesNotRenderAsZeroStations" classname="com.tankpilot.android.auto.mapper.CarFuelStatusRowMapperTest" time="0.001"/>
  <testcase name="estimatedFuelRowIsLabeledAsAnEstimate" classname="com.tankpilot.android.auto.mapper.CarFuelStatusRowMapperTest" time="0.002"/>
  <testcase name="missingFuelDoesNotRenderAsZero" classname="com.tankpilot.android.auto.mapper.CarFuelStatusRowMapperTest" time="0.0"/>
  <testcase name="missingSafeRangeDoesNotRenderAsZero" classname="com.tankpilot.android.auto.mapper.CarFuelStatusRowMapperTest" time="0.0"/>
  <testcase name="zeroReachableStationsIsDistinctFromUnavailable" classname="com.tankpilot.android.auto.mapper.CarFuelStatusRowMapperTest" time="0.0"/>
  <system-out><![CDATA[]]></system-out>
  <system-err><![CDATA[]]></system-err>
</testsuite>
