<?xml version="1.0" encoding="UTF-8"?>
<testsuite name="com.tankpilot.fuelrescue.domain.FuelRescueUseCaseTest" tests="2" skipped="0" failures="0" errors="0" timestamp="2026-07-14T19:10:41" hostname="Mattys-MacBook-Air-5.local" time="0.004">
  <properties/>
  <testcase name="missingStationDataDoesNotCrashAndLeavesRecommendationsEmpty" classname="com.tankpilot.fuelrescue.domain.FuelRescueUseCaseTest" time="0.002"/>
  <testcase name="successfulRefreshWithNoStationsReportsConfirmedZeroNotUnavailable" classname="com.tankpilot.fuelrescue.domain.FuelRescueUseCaseTest" time="0.002"/>
  <system-out><![CDATA[]]></system-out>
  <system-err><![CDATA[]]></system-err>
</testsuite>
