<?xml version="1.0" encoding="UTF-8"?>
<testsuite name="com.tankpilot.telemetry.data.ObdParserTest" tests="5" skipped="0" failures="0" errors="0" timestamp="2026-07-14T19:10:41" hostname="Mattys-MacBook-Air-5.local" time="0.001">
  <properties/>
  <testcase name="testParseSpeed" classname="com.tankpilot.telemetry.data.ObdParserTest" time="0.0"/>
  <testcase name="testParseCoolantTemp" classname="com.tankpilot.telemetry.data.ObdParserTest" time="0.0"/>
  <testcase name="testParseEngineLoad" classname="com.tankpilot.telemetry.data.ObdParserTest" time="0.0"/>
  <testcase name="testParseRpm" classname="com.tankpilot.telemetry.data.ObdParserTest" time="0.0"/>
  <testcase name="testParseVin" classname="com.tankpilot.telemetry.data.ObdParserTest" time="0.0"/>
  <system-out><![CDATA[]]></system-out>
  <system-err><![CDATA[]]></system-err>
</testsuite>
