<?xml version="1.0" encoding="UTF-8"?>
<testsuite name="com.tankpilot.dashboard.domain.WakeLockLogicTest" tests="8" skipped="0" failures="0" errors="0" timestamp="2026-07-14T18:27:12" hostname="Mattys-MacBook-Air-5.local" time="0.001">
  <properties/>
  <testcase name="release when disabled and backgrounded" classname="com.tankpilot.dashboard.domain.WakeLockLogicTest" time="0.0"/>
  <testcase name="release when enabled but backgrounded" classname="com.tankpilot.dashboard.domain.WakeLockLogicTest" time="0.0"/>
  <testcase name="dashboard deactivated while foreground releases flag" classname="com.tankpilot.dashboard.domain.WakeLockLogicTest" time="0.0"/>
  <testcase name="release when disabled even if foreground" classname="com.tankpilot.dashboard.domain.WakeLockLogicTest" time="0.0"/>
  <testcase name="activity recreation - old dispose releases, new composition re-acquires" classname="com.tankpilot.dashboard.domain.WakeLockLogicTest" time="0.0"/>
  <testcase name="acquire when enabled and foreground" classname="com.tankpilot.dashboard.domain.WakeLockLogicTest" time="0.0"/>
  <testcase name="background then foreground re-acquires if still enabled" classname="com.tankpilot.dashboard.domain.WakeLockLogicTest" time="0.0"/>
  <testcase name="dispose path always releases" classname="com.tankpilot.dashboard.domain.WakeLockLogicTest" time="0.0"/>
  <system-out><![CDATA[]]></system-out>
  <system-err><![CDATA[]]></system-err>
</testsuite>
