<?xml version="1.0" encoding="UTF-8"?>
<testsuite name="com.tankpilot.dashboard.domain.DashboardActivationCoordinatorTest" tests="2" skipped="0" failures="0" errors="0" timestamp="2026-07-14T15:52:13" hostname="Mattys-MacBook-Air-5.local" time="0.003">
  <properties/>
  <testcase name="test manual enter overrides cooldown" classname="com.tankpilot.dashboard.domain.DashboardActivationCoordinatorTest" time="0.003"/>
  <testcase name="test dashboard auto enter when speed above threshold for 5 seconds" classname="com.tankpilot.dashboard.domain.DashboardActivationCoordinatorTest" time="0.0"/>
  <system-out><![CDATA[]]></system-out>
  <system-err><![CDATA[]]></system-err>
</testsuite>
