<?xml version="1.0" encoding="UTF-8"?>
<testsuite name="com.tankpilot.dashboard.domain.DashboardSessionStateTest" tests="2" skipped="0" failures="0" errors="0" timestamp="2026-07-14T19:10:41" hostname="Mattys-MacBook-Air-5.local" time="0.016">
  <properties/>
  <testcase name="test DashboardSessionState serializes and deserializes correctly" classname="com.tankpilot.dashboard.domain.DashboardSessionStateTest" time="0.016"/>
  <testcase name="test DashboardSessionState defaults" classname="com.tankpilot.dashboard.domain.DashboardSessionStateTest" time="0.0"/>
  <system-out><![CDATA[]]></system-out>
  <system-err><![CDATA[]]></system-err>
</testsuite>
