<?xml version="1.0" encoding="UTF-8"?>
<testsuite name="com.tankpilot.dashboard.domain.SpeedSmootherTest" tests="2" skipped="0" failures="0" errors="0" timestamp="2026-07-14T15:24:04" hostname="Mattys-MacBook-Air-5.local" time="0.001">
  <properties/>
  <testcase name="test speed smoother handles normal progression" classname="com.tankpilot.dashboard.domain.SpeedSmootherTest" time="0.001"/>
  <testcase name="test zero speed is immediate" classname="com.tankpilot.dashboard.domain.SpeedSmootherTest" time="0.0"/>
  <system-out><![CDATA[]]></system-out>
  <system-err><![CDATA[]]></system-err>
</testsuite>
