<?xml version="1.0" encoding="UTF-8"?>
<testsuite name="com.tankpilot.fuel.FuelEngineTest" tests="4" skipped="0" failures="0" errors="0" timestamp="2026-07-14T18:27:12" hostname="Mattys-MacBook-Air-5.local" time="0.001">
  <properties/>
  <testcase name="testEstimateFuelBurnedNormalTrip" classname="com.tankpilot.fuel.FuelEngineTest" time="0.001"/>
  <testcase name="testRecalibrateMpg" classname="com.tankpilot.fuel.FuelEngineTest" time="0.0"/>
  <testcase name="testCalculateSafeRange" classname="com.tankpilot.fuel.FuelEngineTest" time="0.0"/>
  <testcase name="testIdleFuelRatePrioritization" classname="com.tankpilot.fuel.FuelEngineTest" time="0.0"/>
  <system-out><![CDATA[]]></system-out>
  <system-err><![CDATA[]]></system-err>
</testsuite>
