<?xml version="1.0" encoding="UTF-8"?>
<testsuite name="com.tankpilot.fuelrescue.domain.FuelRescueEligibilityTest" tests="5" skipped="0" failures="0" errors="0" timestamp="2026-07-14T18:27:12" hostname="Mattys-MacBook-Air-5.local" time="0.002">
  <properties/>
  <testcase name="closedStationNeverCategorizedEvenIfOtherwiseEligible" classname="com.tankpilot.fuelrescue.domain.FuelRescueEligibilityTest" time="0.001"/>
  <testcase name="noSafeStationMeansNoRecommendationAndEmptyCategories" classname="com.tankpilot.fuelrescue.domain.FuelRescueEligibilityTest" time="0.001"/>
  <testcase name="sameStationCanWinMultipleCategories" classname="com.tankpilot.fuelrescue.domain.FuelRescueEligibilityTest" time="0.0"/>
  <testcase name="unsafeStationsNeverAppearInCategorize" classname="com.tankpilot.fuelrescue.domain.FuelRescueEligibilityTest" time="0.0"/>
  <testcase name="missingPriceStationCanBeClosestSafeButNeverCheapestReachable" classname="com.tankpilot.fuelrescue.domain.FuelRescueEligibilityTest" time="0.0"/>
  <system-out><![CDATA[]]></system-out>
  <system-err><![CDATA[]]></system-err>
</testsuite>
