<?xml version="1.0" encoding="UTF-8"?>
<testsuite name="com.tankpilot.fuelrescue.domain.FuelRescueEngineTest" tests="3" skipped="0" failures="0" errors="0" timestamp="2026-07-14T19:10:41" hostname="Mattys-MacBook-Air-5.local" time="0.003">
  <properties/>
  <testcase name="testDetourCostDefeatsCheaperPumpPrice" classname="com.tankpilot.fuelrescue.domain.FuelRescueEngineTest" time="0.002"/>
  <testcase name="testOutsideSafeRangeExclusion" classname="com.tankpilot.fuelrescue.domain.FuelRescueEngineTest" time="0.0"/>
  <testcase name="testMarginallyReachableStatus" classname="com.tankpilot.fuelrescue.domain.FuelRescueEngineTest" time="0.001"/>
  <system-out><![CDATA[]]></system-out>
  <system-err><![CDATA[]]></system-err>
</testsuite>
