<?xml version="1.0" encoding="UTF-8"?>
<testsuite name="com.tankpilot.dashboard.domain.DashboardActivationCoordinatorTest" tests="16" skipped="0" failures="0" errors="0" timestamp="2026-07-14T18:27:12" hostname="Mattys-MacBook-Air-5.local" time="0.006">
  <properties/>
  <testcase name="restoreState 4 hours plus 1ms elapsed → INACTIVE" classname="com.tankpilot.dashboard.domain.DashboardActivationCoordinatorTest" time="0.004"/>
  <testcase name="initial state is INACTIVE" classname="com.tankpilot.dashboard.domain.DashboardActivationCoordinatorTest" time="0.0"/>
  <testcase name="dismissRestore transitions CONFIRMATION_REQUIRED to INACTIVE" classname="com.tankpilot.dashboard.domain.DashboardActivationCoordinatorTest" time="0.0"/>
  <testcase name="pendingSessionState is set during CONFIRMATION_REQUIRED" classname="com.tankpilot.dashboard.domain.DashboardActivationCoordinatorTest" time="0.001"/>
  <testcase name="restoreState with future lastActivityTimestamp → INACTIVE" classname="com.tankpilot.dashboard.domain.DashboardActivationCoordinatorTest" time="0.0"/>
  <testcase name="confirmRestore is no-op when not in CONFIRMATION_REQUIRED" classname="com.tankpilot.dashboard.domain.DashboardActivationCoordinatorTest" time="0.0"/>
  <testcase name="restoreState 30 minutes plus 1ms elapsed → CONFIRMATION_REQUIRED" classname="com.tankpilot.dashboard.domain.DashboardActivationCoordinatorTest" time="0.0"/>
  <testcase name="restoreState over 4 hours → INACTIVE" classname="com.tankpilot.dashboard.domain.DashboardActivationCoordinatorTest" time="0.0"/>
  <testcase name="restoreState when isVisible is false → INACTIVE" classname="com.tankpilot.dashboard.domain.DashboardActivationCoordinatorTest" time="0.001"/>
  <testcase name="restoreState exactly 30 minutes elapsed → ACTIVE (inclusive boundary)" classname="com.tankpilot.dashboard.domain.DashboardActivationCoordinatorTest" time="0.0"/>
  <testcase name="restoreState with zero lastActivityTimestamp → INACTIVE" classname="com.tankpilot.dashboard.domain.DashboardActivationCoordinatorTest" time="0.0"/>
  <testcase name="restoreState inside 30 minutes → ACTIVE" classname="com.tankpilot.dashboard.domain.DashboardActivationCoordinatorTest" time="0.0"/>
  <testcase name="restoreState between 30m and 4h → CONFIRMATION_REQUIRED" classname="com.tankpilot.dashboard.domain.DashboardActivationCoordinatorTest" time="0.0"/>
  <testcase name="manual enter and exit" classname="com.tankpilot.dashboard.domain.DashboardActivationCoordinatorTest" time="0.0"/>
  <testcase name="confirmRestore transitions CONFIRMATION_REQUIRED to ACTIVE" classname="com.tankpilot.dashboard.domain.DashboardActivationCoordinatorTest" time="0.0"/>
  <testcase name="restoreState exactly 4 hours elapsed → CONFIRMATION_REQUIRED (inclusive boundary)" classname="com.tankpilot.dashboard.domain.DashboardActivationCoordinatorTest" time="0.0"/>
  <system-out><![CDATA[]]></system-out>
  <system-err><![CDATA[]]></system-err>
</testsuite>
