<?xml version="1.0" encoding="UTF-8"?>
<testsuite name="com.tankpilot.fuel.domain.FuelStateUseCaseOfflineTest" tests="1" skipped="0" failures="0" errors="0" timestamp="2026-07-14T19:10:41" hostname="Mattys-MacBook-Air-5.local" time="0.027">
  <properties/>
  <testcase name="fuelStatusComputesWithoutAnyStationOrNetworkDependency" classname="com.tankpilot.fuel.domain.FuelStateUseCaseOfflineTest" time="0.027"/>
  <system-out><![CDATA[]]></system-out>
  <system-err><![CDATA[]]></system-err>
</testsuite>
