<?xml version="1.0" encoding="UTF-8"?>
<testsuite name="com.tankpilot.maintenance.usecase.MaintenanceUseCaseTest" tests="4" skipped="0" failures="0" errors="0" timestamp="2026-07-14T19:10:41" hostname="Mattys-MacBook-Air-5.local" time="0.002">
  <properties/>
  <testcase name="testNoHistoryReturnsUnknown" classname="com.tankpilot.maintenance.usecase.MaintenanceUseCaseTest" time="0.001"/>
  <testcase name="testTimeDueSoonOutranksMileageOk" classname="com.tankpilot.maintenance.usecase.MaintenanceUseCaseTest" time="0.0"/>
  <testcase name="testDisabledScheduleReturnsOk" classname="com.tankpilot.maintenance.usecase.MaintenanceUseCaseTest" time="0.0"/>
  <testcase name="testMileageOverdue" classname="com.tankpilot.maintenance.usecase.MaintenanceUseCaseTest" time="0.001"/>
  <system-out><![CDATA[]]></system-out>
  <system-err><![CDATA[]]></system-err>
</testsuite>
